# JRE version: OpenJDK Runtime Environment (8.0_362-b09) (build 1.8.0_362-8u372-ga~us1-0ubuntu1~18.04-b09)
# Java VM: OpenJDK 64-Bit Server VM (25.362-b09 mixed mode linux-amd64 compressed oops)
Heap:
 PSYoungGen      total 107520K, used 44962K [0x00000000f5980000, 0x00000000ffe80000, 0x0000000100000000)
  eden space 50688K, 0% used [0x00000000f5980000,0x00000000f5980000,0x00000000f8b00000)
  from space 56832K, 79% used [0x00000000fc280000,0x00000000fee68bc8,0x00000000ffa00000)
  to   space 56832K, 0% used [0x00000000f8b00000,0x00000000f8b00000,0x00000000fc280000)
 ParOldGen       total 223232K, used 223062K [0x00000000e0c00000, 0x00000000ee600000, 0x00000000f5980000)
  object space 223232K, 99% used [0x00000000e0c00000,0x00000000ee5d5a70,0x00000000ee600000)
 Metaspace       used 13599K, capacity 13878K, committed 13952K, reserved 1060864K
  class space    used 1568K, capacity 1653K, committed 1664K, reserved 1048576K
GC Heap History (10 events):
Event: 57.697 GC heap after
Heap after GC invocations=12 (full 3):
 PSYoungGen      total 82432K, used 44500K [0x00000000f5980000, 0x00000000ff580000, 0x0000000100000000)
  eden space 37888K, 0% used [0x00000000f5980000,0x00000000f5980000,0x00000000f7e80000)
  from space 44544K, 99% used [0x00000000f7e80000,0x00000000fa9f5208,0x00000000faa00000)
  to   space 56832K, 0% used [0x00000000fbe00000,0x00000000fbe00000,0x00000000ff580000)
 ParOldGen       total 149504K, used 95302K [0x00000000e0c00000, 0x00000000e9e00000, 0x00000000f5980000)
  object space 149504K, 63% used [0x00000000e0c00000,0x00000000e69118b0,0x00000000e9e00000)
 Metaspace       used 13585K, capacity 13878K, committed 13952K, reserved 1060864K
  class space    used 1568K, capacity 1653K, committed 1664K, reserved 1048576K
}
Event: 57.923 GC heap before
{Heap before GC invocations=13 (full 3):
 PSYoungGen      total 82432K, used 82388K [0x00000000f5980000, 0x00000000ff580000, 0x0000000100000000)
  eden space 37888K, 100% used [0x00000000f5980000,0x00000000f7e80000,0x00000000f7e80000)
  from space 44544K, 99% used [0x00000000f7e80000,0x00000000fa9f5208,0x00000000faa00000)
  to   space 56832K, 0% used [0x00000000fbe00000,0x00000000fbe00000,0x00000000ff580000)
 ParOldGen       total 149504K, used 95302K [0x00000000e0c00000, 0x00000000e9e00000, 0x00000000f5980000)
  object space 149504K, 63% used [0x00000000e0c00000,0x00000000e69118b0,0x00000000e9e00000)
 Metaspace       used 13585K, capacity 13878K, committed 13952K, reserved 1060864K
  class space    used 1568K, capacity 1653K, committed 1664K, reserved 1048576K
Event: 58.151 GC heap after
Heap after GC invocations=13 (full 3):
 PSYoungGen      total 101376K, used 56832K [0x00000000f5980000, 0x00000000ff580000, 0x0000000100000000)
  eden space 44544K, 0% used [0x00000000f5980000,0x00000000f5980000,0x00000000f8500000)
  from space 56832K, 100% used [0x00000000fbe00000,0x00000000ff580000,0x00000000ff580000)
  to   space 56832K, 0% used [0x00000000f8680000,0x00000000f8680000,0x00000000fbe00000)
 ParOldGen       total 149504K, used 120942K [0x00000000e0c00000, 0x00000000e9e00000, 0x00000000f5980000)
  object space 149504K, 80% used [0x00000000e0c00000,0x00000000e821b8b0,0x00000000e9e00000)
 Metaspace       used 13585K, capacity 13878K, committed 13952K, reserved 1060864K
  class space    used 1568K, capacity 1653K, committed 1664K, reserved 1048576K
}
Event: 58.151 GC heap before
{Heap before GC invocations=14 (full 4):
 PSYoungGen      total 101376K, used 56832K [0x00000000f5980000, 0x00000000ff580000, 0x0000000100000000)
  eden space 44544K, 0% used [0x00000000f5980000,0x00000000f5980000,0x00000000f8500000)
  from space 56832K, 100% used [0x00000000fbe00000,0x00000000ff580000,0x00000000ff580000)
  to   space 56832K, 0% used [0x00000000f8680000,0x00000000f8680000,0x00000000fbe00000)
 ParOldGen       total 149504K, used 120942K [0x00000000e0c00000, 0x00000000e9e00000, 0x00000000f5980000)
  object space 149504K, 80% used [0x00000000e0c00000,0x00000000e821b8b0,0x00000000e9e00000)
 Metaspace       used 13585K, capacity 13878K, committed 13952K, reserved 1060864K
  class space    used 1568K, capacity 1653K, committed 1664K, reserved 1048576K
Event: 59.752 GC heap after
Heap after GC invocations=14 (full 4):
 PSYoungGen      total 101376K, used 28132K [0x00000000f5980000, 0x00000000ff580000, 0x0000000100000000)
  eden space 44544K, 0% used [0x00000000f5980000,0x00000000f5980000,0x00000000f8500000)
  from space 56832K, 49% used [0x00000000fbe00000,0x00000000fd979200,0x00000000ff580000)
  to   space 56832K, 0% used [0x00000000f8680000,0x00000000f8680000,0x00000000fbe00000)
 ParOldGen       total 221184K, used 149474K [0x00000000e0c00000, 0x00000000ee400000, 0x00000000f5980000)
  object space 221184K, 67% used [0x00000000e0c00000,0x00000000e9df8bc0,0x00000000ee400000)
 Metaspace       used 13585K, capacity 13878K, committed 13952K, reserved 1060864K
  class space    used 1568K, capacity 1653K, committed 1664K, reserved 1048576K
}
Event: 61.748 GC heap before
{Heap before GC invocations=15 (full 4):
 PSYoungGen      total 101376K, used 72676K [0x00000000f5980000, 0x00000000ff580000, 0x0000000100000000)
  eden space 44544K, 100% used [0x00000000f5980000,0x00000000f8500000,0x00000000f8500000)
  from space 56832K, 49% used [0x00000000fbe00000,0x00000000fd979200,0x00000000ff580000)
  to   space 56832K, 0% used [0x00000000f8680000,0x00000000f8680000,0x00000000fbe00000)
 ParOldGen       total 221184K, used 149474K [0x00000000e0c00000, 0x00000000ee400000, 0x00000000f5980000)
  object space 221184K, 67% used [0x00000000e0c00000,0x00000000e9df8bc0,0x00000000ee400000)
 Metaspace       used 13597K, capacity 13878K, committed 13952K, reserved 1060864K
  class space    used 1568K, capacity 1653K, committed 1664K, reserved 1048576K
Event: 61.993 GC heap after
Heap after GC invocations=15 (full 4):
 PSYoungGen      total 102912K, used 44512K [0x00000000f5980000, 0x00000000ffa00000, 0x0000000100000000)
  eden space 46080K, 0% used [0x00000000f5980000,0x00000000f5980000,0x00000000f8680000)
  from space 56832K, 78% used [0x00000000f8680000,0x00000000fb1f8000,0x00000000fbe00000)
  to   space 56832K, 0% used [0x00000000fc280000,0x00000000fc280000,0x00000000ffa00000)
 ParOldGen       total 221184K, used 177722K [0x00000000e0c00000, 0x00000000ee400000, 0x00000000f5980000)
  object space 221184K, 80% used [0x00000000e0c00000,0x00000000eb98ebc0,0x00000000ee400000)
 Metaspace       used 13597K, capacity 13878K, committed 13952K, reserved 1060864K
  class space    used 1568K, capacity 1653K, committed 1664K, reserved 1048576K
}
Event: 62.390 GC heap before
{Heap before GC invocations=16 (full 4):
 PSYoungGen      total 102912K, used 90592K [0x00000000f5980000, 0x00000000ffa00000, 0x0000000100000000)
  eden space 46080K, 100% used [0x00000000f5980000,0x00000000f8680000,0x00000000f8680000)
  from space 56832K, 78% used [0x00000000f8680000,0x00000000fb1f8000,0x00000000fbe00000)
  to   space 56832K, 0% used [0x00000000fc280000,0x00000000fc280000,0x00000000ffa00000)
 ParOldGen       total 221184K, used 177722K [0x00000000e0c00000, 0x00000000ee400000, 0x00000000f5980000)
  object space 221184K, 80% used [0x00000000e0c00000,0x00000000eb98ebc0,0x00000000ee400000)
 Metaspace       used 13599K, capacity 13878K, committed 13952K, reserved 1060864K
  class space    used 1568K, capacity 1653K, committed 1664K, reserved 1048576K
Event: 63.029 GC heap after
Heap after GC invocations=16 (full 4):
 PSYoungGen      total 107520K, used 46048K [0x00000000f5980000, 0x00000000ffe80000, 0x0000000100000000)
  eden space 50688K, 0% used [0x00000000f5980000,0x00000000f5980000,0x00000000f8b00000)
  from space 56832K, 81% used [0x00000000fc280000,0x00000000fef78000,0x00000000ffa00000)
  to   space 56832K, 0% used [0x00000000f8b00000,0x00000000f8b00000,0x00000000fc280000)
 ParOldGen       total 223232K, used 222370K [0x00000000e0c00000, 0x00000000ee600000, 0x00000000f5980000)
  object space 223232K, 99% used [0x00000000e0c00000,0x00000000ee528bc0,0x00000000ee600000)
 Metaspace       used 13599K, capacity 13878K, committed 13952K, reserved 1060864K
  class space    used 1568K, capacity 1653K, committed 1664K, reserved 1048576K
}
Event: 63.033 GC heap before
{Heap before GC invocations=17 (full 5):
 PSYoungGen      total 107520K, used 46048K [0x00000000f5980000, 0x00000000ffe80000, 0x0000000100000000)
  eden space 50688K, 0% used [0x00000000f5980000,0x00000000f5980000,0x00000000f8b00000)
  from space 56832K, 81% used [0x00000000fc280000,0x00000000fef78000,0x00000000ffa00000)
  to   space 56832K, 0% used [0x00000000f8b00000,0x00000000f8b00000,0x00000000fc280000)
 ParOldGen       total 223232K, used 222370K [0x00000000e0c00000, 0x00000000ee600000, 0x00000000f5980000)
  object space 223232K, 99% used [0x00000000e0c00000,0x00000000ee528bc0,0x00000000ee600000)
 Metaspace       used 13599K, capacity 13878K, committed 13952K, reserved 1060864K
  class space    used 1568K, capacity 1653K, committed 1664K, reserved 1048576K

